\BOOKMARK [1][-]{section.1}{Introduction}{}% 1
\BOOKMARK [2][-]{subsection.1.1}{Type-II superconductor}{section.1}% 2
\BOOKMARK [2][-]{subsection.1.2}{Ginzburg-Landau theory}{section.1}% 3
\BOOKMARK [2][-]{subsection.1.3}{Abrikosov Lattice}{section.1}% 4
\BOOKMARK [1][-]{section.2}{Model}{}% 5
\BOOKMARK [2][-]{subsection.2.1}{Boundary Condition}{section.2}% 6
\BOOKMARK [2][-]{subsection.2.2}{Evaluation of equations}{section.2}% 7
\BOOKMARK [1][-]{section.3}{ Numerical Method}{}% 8
\BOOKMARK [1][-]{section.4}{Implementation}{}% 9
\BOOKMARK [2][-]{subsection.4.1}{Code Structure}{section.4}% 10
\BOOKMARK [2][-]{subsection.4.2}{Discretizing}{section.4}% 11
\BOOKMARK [2][-]{subsection.4.3}{Initial Condition}{section.4}% 12
\BOOKMARK [2][-]{subsection.4.4}{Relaxation rule}{section.4}% 13
\BOOKMARK [2][-]{subsection.4.5}{Updating Rules}{section.4}% 14
\BOOKMARK [1][-]{section.5}{Benchmark Calculations}{}% 15
\BOOKMARK [1][-]{section.6}{Results \046 Discussion}{}% 16
\BOOKMARK [2][-]{subsection.6.1}{Robust Check}{section.6}% 17
\BOOKMARK [2][-]{subsection.6.2}{One vortex scenario}{section.6}% 18
\BOOKMARK [3][-]{subsubsection.6.2.1}{Single vortex}{subsection.6.2}% 19
\BOOKMARK [3][-]{subsubsection.6.2.2}{Giante Vortex}{subsection.6.2}% 20
\BOOKMARK [2][-]{subsection.6.3}{Linear and non-linear Ginzburg-Landau equations}{section.6}% 21
\BOOKMARK [2][-]{subsection.6.4}{Multi-Vortex State}{section.6}% 22
\BOOKMARK [3][-]{subsubsection.6.4.1}{Vortex-boundary interaction}{subsection.6.4}% 23
\BOOKMARK [3][-]{subsubsection.6.4.2}{Vortex-Vortex interaction}{subsection.6.4}% 24
\BOOKMARK [2][-]{subsection.6.5}{Further improvement}{section.6}% 25
